23
717396715 460602827 629715994
463109742 173416608 137976194
89474 85866 25299
7963 6717 2674
294194705 263401257 24671939
71333 44809 21638
4037027 1232577 1573182
5320420 512964 3879685
1826064 614907 1765337
5013238 4244751 2716903
6324120 441935 1087939
48497149 11131280 40162635
1726933 211145 1403295
652755 119732 185893
546979 166278 288511
13349813 8186949 4136797
3198766 722140 2149639
772355 208649 448109
34796 7074 32243
517811 376643 193198
994018973 570883779 668378774
668990839 299315502 143425482
11854562 65631 9465858
