23
8741918125200885171 15273547192641086258 14022098466530710281
8478358451573809802 14862619312180805131 15128189480361097192
5916689162501200050 5684270435053280125 13213207485647449492
17333429876895907533 16236618724316502248 6881344721218685719
1823342621860719008 16589658413818333547 2139043149610937538
2471491566462996663 11177887548745423572 12250822103163954081
2001895197400047607 3605705414701233388 17634461009117039565
18415908710021010053 3339143366201633958 6959642607978516755
12516989768565382231 9561291978573992964 18408178745424035685
888919141704846207 7421435041430360788 11114134279197559321
13801687566869263205 10049824976132098098 958689239809559895
12982763680243967426 7042460584127862841 18402689032289482936
15166562550929877783 5236895934024465982 14027346171972790765
1056114881100863714 6415195977236938373 9713279999829713988
5121065814645285297 11367175775237710248 11782596469643625319
3152741230711388101 14556612481139020006 11699308024186816275
2563476222683594318 10362130960352892871 2660435688893429128
7192575059300935457 12054678296363339386 16699523321380821787
12873413945567152645 18380357368334595124 2526710394459900747
2426281323236040135 4562754723237927012 6222148594530737401
11163630429333058048 9094222081549097913 16038746648298225970
6366851642123070748 14813077975594019241 15977778384201307254
5549180692657179847 7809121976668772926 14523471175015153761
