26
3703509 -4847255
-0.764043
-865604 -2893471
0.299158
12069 1338
0.020180
14821 562
0.371885
2897803 940
0.769043
4991051 36
0.312500
105 10
0.500000
1658663 404
0.601562
60 8
0.500000
8382581 68
0.250000
-6486399 2324055
-0.790983
156 8
0.500000
5753 1730
0.325433
2075632 656
0.073242
-4410666 -4847649
0.909857
18029 1486
0.132570
-9862872 2970552
-0.320215
2778746 18
0.781250
6256571 821
0.670898
4147121 605
0.745605
7021643 249
0.369141
-9913294 1694821
-0.849169
-385690 -3962174
0.097343
100 8
0.500000
15157 1068
0.191948
4209 520
0.094231
