31
436578370 391237356 253546567
63474410 2758681 22707865
1938309 1040819 1891358
287213700 133656385 33568686
28320 25064 21561
80026 62577 82
63737 35105 26170
21234 13426 9373
246132 222095 5454
425624684 238370992 258864453
955931423 407067681 121640281
7479069 1335021 3012349
9925763 9610978 8500942
437430932 249414031 150853112
832660335 208780898 361604912
54830177 17635553 46302480
52532 19758 2205
73267 36056 14873
31507274 29852286 19214001
1135657 525394 118307
1678338 1237426 199191
91116 72114 50996
7326321 6035662 6675618
612620807 129287749 302590312
88160919 29760593 19342171
894635170 628917878 636828567
9236 9118 5011
44165306 16761775 30744023
152666978 34388199 33696169
29863 3337 22814
3614589 1975326 484414
