31
17141590158359397748 13745082518954380273 15097031489320126786
6182365906455108791 3123601640873971118 18110079586771278689
8083710657306615837 16076564458362704014 8923147948291436747
3361671855022567966 10799056392828169043 3030190376048196424
14617966765415155285 4065392709547892470 424055756234233199
1744076892865259074 8555553452797676857 13782430338740393984
14784161303780418690 1128529843737520313 2104208831284301128
7565791032359149159 10808662089533867146 13417578970277417161
6528231336528660468 3152794133425362963 13974661094878112230
4115154896854500340 17973015872445583077 1214774145485337086
6064668080491868359 12112313755033918216 4651547203053259289
856336023398647586 2588764822582696057 6318559728395481252
12523078928826599528 6084170167769617359 16709771356301581986
15828447766508541124 12787588047245174123 12789028703467060246
3068838590002314440 1241194553287153289 1788242236360340062
957471220120481515 14330076645592954046 16197535485715854237
6741663622635796282 8984261846181257135 1008873152885680356
16383888637197982940 4903012117092826873 6654907956079713602
15564817188436989022 17859342100845308935 436189018223147492
7719347353435707002 11315151372001361605 4627132872601898428
214503055318312183 16266651075536691942 12130620694910375697
3961626411503060501 7451008029699583542 16308864093854653779
6710535727962679846 10197450789200767197 7520144656106288064
17043392488569185689 2908551112708806388 948590725434592767
4350227172043889381 2891995463092842692 12717827914938527559
11733321536305616138 5120154446758345021 12671875098717242964
8011084796072286646 18256887063383459559 4299563061471936048
16376123843722748909 12471075786141623744 16643166517130250219
5608544029583174016 2649714202847839399 14957217832628016498
13115277889406056222 15614041091556413919 15635646828895927468
13650791356005363721 7720006995394329224 3879926863007522579
